  Building Custom Rule C:/Users/cfuen/source/ComputationGeometry_2025/github/cgeom_2025/lib/win64/freeglut-3.6.0/CMakeLists.txt
  fg_callbacks.c
  fg_cursor.c
  fg_display.c
  fg_ext.c
  fg_font_data.c
  fg_gamemode.c
  fg_geometry.c
  fg_gl2.c
  fg_init.c
  fg_input_devices.c
  fg_joystick.c
  fg_main.c
  fg_misc.c
  fg_overlay.c
  fg_spaceball.c
  fg_state.c
  fg_stroke_mono_roman.c
  fg_stroke_roman.c
  fg_structure.c
  fg_teapot.c
  Generating Code...
  Compiling...
  fg_videoresize.c
  fg_window.c
  fg_font.c
  fg_menu.c
  fg_cursor_mswin.c
  fg_display_mswin.c
  fg_ext_mswin.c
  fg_gamemode_mswin.c
  fg_init_mswin.c
  fg_input_devices_mswin.c
  fg_joystick_mswin.c
C:\Users\cfuen\source\ComputationGeometry_2025\github\cgeom_2025\lib\win64\freeglut-3.6.0\src\mswin\fg_joystick_mswin.c(143,22): warning C4267: '=': conversion from 'size_t' to 'DWORD', possible loss of data
  fg_main_mswin.c
  fg_menu_mswin.c
  fg_spaceball_mswin.c
  fg_state_mswin.c
  fg_structure_mswin.c
  fg_window_mswin.c
  fg_cmap_mswin.c
  xparsegeometry_repl.c
  Generating Code...
  freeglut_static.vcxproj -> C:\Users\cfuen\source\ComputationGeometry_2025\github\cgeom_2025\lib\win64\freeglut-3.6.0\build\lib\Release\freeglut_static.lib
